Determining if the pthread_create exist failed with the following output:
Change Dir: /home/blasterbotica/catkin_ws/build/CMakeFiles/CMakeTmp

Run Build Command:/usr/bin/make "cmTryCompileExec4161952092/fast"
/usr/bin/make -f CMakeFiles/cmTryCompileExec4161952092.dir/build.make CMakeFiles/cmTryCompileExec4161952092.dir/build
make[1]: Entering directory `/home/blasterbotica/catkin_ws/build/CMakeFiles/CMakeTmp'
/usr/bin/cmake -E cmake_progress_report /home/blasterbotica/catkin_ws/build/CMakeFiles/CMakeTmp/CMakeFiles 1
Building C object CMakeFiles/cmTryCompileExec4161952092.dir/CheckSymbolExists.c.o
/usr/bin/cc    -o CMakeFiles/cmTryCompileExec4161952092.dir/CheckSymbolExists.c.o   -c /home/blasterbotica/catkin_ws/build/CMakeFiles/CMakeTmp/CheckSymbolExists.c
Linking C executable cmTryCompileExec4161952092
/usr/bin/cmake -E cmake_link_script CMakeFiles/cmTryCompileExec4161952092.dir/link.txt --verbose=1
/usr/bin/cc       CMakeFiles/cmTryCompileExec4161952092.dir/CheckSymbolExists.c.o  -o cmTryCompileExec4161952092 -rdynamic 
CMakeFiles/cmTryCompileExec4161952092.dir/CheckSymbolExists.c.o: In function `main':
CheckSymbolExists.c:(.text+0x16): undefined reference to `pthread_create'
collect2: error: ld returned 1 exit status
make[1]: *** [cmTryCompileExec4161952092] Error 1
make[1]: Leaving directory `/home/blasterbotica/catkin_ws/build/CMakeFiles/CMakeTmp'
make: *** [cmTryCompileExec4161952092/fast] Error 2

File /home/blasterbotica/catkin_ws/build/CMakeFiles/CMakeTmp/CheckSymbolExists.c:
/* */
#include <pthread.h>

int main(int argc, char** argv)
{
  (void)argv;
#ifndef pthread_create
  return ((int*)(&pthread_create))[argc];
#else
  (void)argc;
  return 0;
#endif
}

Determining if the function pthread_create exists in the pthreads failed with the following output:
Change Dir: /home/blasterbotica/catkin_ws/build/CMakeFiles/CMakeTmp

Run Build Command:/usr/bin/make "cmTryCompileExec4141196145/fast"
/usr/bin/make -f CMakeFiles/cmTryCompileExec4141196145.dir/build.make CMakeFiles/cmTryCompileExec4141196145.dir/build
make[1]: Entering directory `/home/blasterbotica/catkin_ws/build/CMakeFiles/CMakeTmp'
/usr/bin/cmake -E cmake_progress_report /home/blasterbotica/catkin_ws/build/CMakeFiles/CMakeTmp/CMakeFiles 1
Building C object CMakeFiles/cmTryCompileExec4141196145.dir/CheckFunctionExists.c.o
/usr/bin/cc   -DCHECK_FUNCTION_EXISTS=pthread_create   -o CMakeFiles/cmTryCompileExec4141196145.dir/CheckFunctionExists.c.o   -c /usr/share/cmake-2.8/Modules/CheckFunctionExists.c
Linking C executable cmTryCompileExec4141196145
/usr/bin/cmake -E cmake_link_script CMakeFiles/cmTryCompileExec4141196145.dir/link.txt --verbose=1
/usr/bin/cc   -DCHECK_FUNCTION_EXISTS=pthread_create    CMakeFiles/cmTryCompileExec4141196145.dir/CheckFunctionExists.c.o  -o cmTryCompileExec4141196145 -rdynamic -lpthreads 
/usr/bin/ld: cannot find -lpthreads
collect2: error: ld returned 1 exit status
make[1]: *** [cmTryCompileExec4141196145] Error 1
make[1]: Leaving directory `/home/blasterbotica/catkin_ws/build/CMakeFiles/CMakeTmp'
make: *** [cmTryCompileExec4141196145/fast] Error 2


